[themewagon.github.io/coffee1/index.html]
[backblue.gif]
[fade.gif]
[index.html]
[themewagon.github.io/coffee1/css/open-iconic-bootstrap.min.css]
[themewagon.github.io/coffee1/css/animate.css]
[themewagon.github.io/coffee1/css/owl.carousel.min.css]
[themewagon.github.io/coffee1/css/owl.theme.default.min.css]
[themewagon.github.io/coffee1/css/magnific-popup.css]
[themewagon.github.io/coffee1/css/aos.css]
[themewagon.github.io/coffee1/css/ionicons.min.css]
[themewagon.github.io/coffee1/css/bootstrap-datepicker.css]
[themewagon.github.io/coffee1/css/jquery.timepicker.css]
[themewagon.github.io/coffee1/css/flaticon.css]
[themewagon.github.io/coffee1/css/icomoon.css]
[themewagon.github.io/coffee1/css/style.css]
[themewagon.github.io/coffee1/menu.html]
[themewagon.github.io/coffee1/services.html]
[themewagon.github.io/coffee1/blog.html]
[themewagon.github.io/coffee1/about.html]
[themewagon.github.io/coffee1/room.html]
[themewagon.github.io/coffee1/shop.html]
[themewagon.github.io/coffee1/product-single.html]
[themewagon.github.io/coffee1/checkout.html]
[themewagon.github.io/coffee1/contact.html]
[themewagon.github.io/coffee1/cart.html]
[themewagon.github.io/coffee1/images/bg_1.jpg]
[themewagon.github.io/coffee1/images/bg_2.jpg]
[themewagon.github.io/coffee1/images/bg_3.jpg]
[themewagon.github.io/coffee1/images/about.jpg]
[themewagon.github.io/coffee1/images/menu-1.jpg]
[themewagon.github.io/coffee1/images/menu-2.jpg]
[themewagon.github.io/coffee1/images/menu-3.jpg]
[themewagon.github.io/coffee1/images/menu-4.jpg]
[themewagon.github.io/coffee1/gallery.html]
[themewagon.github.io/coffee1/images/gallery-1.jpg]
[themewagon.github.io/coffee1/images/gallery-2.jpg]
[themewagon.github.io/coffee1/images/gallery-3.jpg]
[themewagon.github.io/coffee1/images/gallery-4.jpg]
[themewagon.github.io/coffee1/images/dish-1.jpg]
[themewagon.github.io/coffee1/images/dish-2.jpg]
[themewagon.github.io/coffee1/images/dish-3.jpg]
[themewagon.github.io/coffee1/images/drink-1.jpg]
[themewagon.github.io/coffee1/images/drink-2.jpg]
[themewagon.github.io/coffee1/images/drink-3.jpg]
[themewagon.github.io/coffee1/images/dessert-1.jpg]
[themewagon.github.io/coffee1/images/dessert-2.jpg]
[themewagon.github.io/coffee1/images/dessert-3.jpg]
[themewagon.github.io/coffee1/images/person_1.jpg]
[themewagon.github.io/coffee1/images/person_2.jpg]
[themewagon.github.io/coffee1/images/person_3.jpg]
[themewagon.github.io/coffee1/blog-single.html]
[themewagon.github.io/coffee1/images/image_1.jpg]
[themewagon.github.io/coffee1/images/image_2.jpg]
[themewagon.github.io/coffee1/images/image_3.jpg]
[themewagon.github.io/coffee1/js/jquery.min.js]
[themewagon.github.io/coffee1/js/jquery-migrate-3.0.1.min.js]
[themewagon.github.io/coffee1/js/popper.min.js]
[themewagon.github.io/coffee1/js/bootstrap.min.js]
[themewagon.github.io/coffee1/js/jquery.easing.1.3.js]
[themewagon.github.io/coffee1/js/jquery.waypoints.min.js]
[themewagon.github.io/coffee1/js/jquery.stellar.min.js]
[themewagon.github.io/coffee1/js/owl.carousel.min.js]
[themewagon.github.io/coffee1/js/jquery.magnific-popup.min.js]
[themewagon.github.io/coffee1/js/aos.js]
[themewagon.github.io/coffee1/js/jquery.animateNumber.min.js]
[themewagon.github.io/coffee1/js/bootstrap-datepicker.js]
[themewagon.github.io/coffee1/js/jquery.timepicker.min.js]
[themewagon.github.io/coffee1/js/scrollax.min.js]
[themewagon.github.io/coffee1/js/google-map.js]
[themewagon.github.io/coffee1/js/main.js]
[themewagon.github.io/coffee1/index.html]
[themewagon.github.io/coffee1/fonts/open-iconic/open-iconic.eot]
[themewagon.github.io/coffee1/fonts/open-iconic/open-iconicd41d.eot]
[themewagon.github.io/coffee1/fonts/open-iconic/open-iconic.woff]
[themewagon.github.io/coffee1/fonts/open-iconic/open-iconic.ttf]
[themewagon.github.io/coffee1/fonts/open-iconic/open-iconic.otf]
[themewagon.github.io/coffee1/css/open-iconic-bootstrap.min.css]
[themewagon.github.io/coffee1/css/animate.css]
[themewagon.github.io/coffee1/fonts/open-iconic/open-iconic.svg]
[themewagon.github.io/coffee1/css/owl.video.play.png]
[themewagon.github.io/coffee1/css/owl.carousel.min.css]
[themewagon.github.io/coffee1/css/owl.theme.default.min.css]
[themewagon.github.io/coffee1/css/magnific-popup.css]
[themewagon.github.io/coffee1/css/aos.css]
[themewagon.github.io/coffee1/fonts/ionicons/fonts/ionicons580c.eot]
[themewagon.github.io/coffee1/fonts/ionicons/fonts/ionicons580c.woff2]
[themewagon.github.io/coffee1/fonts/ionicons/fonts/ionicons580c.woff]
[themewagon.github.io/coffee1/fonts/ionicons/fonts/ionicons580c.ttf]
[themewagon.github.io/coffee1/css/ionicons.min.css]
[themewagon.github.io/coffee1/css/bootstrap-datepicker.css]
[themewagon.github.io/coffee1/css/jquery.timepicker.css]
[themewagon.github.io/coffee1/fonts/ionicons/fonts/ionicons580c.svg]
[themewagon.github.io/coffee1/fonts/flaticon/font/Flaticon.eot]
[themewagon.github.io/coffee1/fonts/flaticon/font/Flaticond41d.eot]
[themewagon.github.io/coffee1/fonts/flaticon/font/Flaticon.woff]
[themewagon.github.io/coffee1/fonts/flaticon/font/Flaticon.ttf]
[themewagon.github.io/coffee1/css/flaticon.css]
[themewagon.github.io/coffee1/fonts/flaticon/font/Flaticon.svg]
[themewagon.github.io/coffee1/fonts/icomoon/icomoonccfb.eot]
[themewagon.github.io/coffee1/fonts/icomoon/icomoonccfb.ttf]
[themewagon.github.io/coffee1/fonts/icomoon/icomoonccfb.woff]
[themewagon.github.io/coffee1/css/icomoon.css]
[themewagon.github.io/coffee1/fonts/icomoon/icomoonccfb.svg]
[themewagon.github.io/coffee1/images/bg_4.jpg]
[themewagon.github.io/coffee1/css/style.css]
[themewagon.github.io/coffee1/images/dish-4.jpg]
[themewagon.github.io/coffee1/images/dish-5.jpg]
[themewagon.github.io/coffee1/images/dish-6.jpg]
[themewagon.github.io/coffee1/images/dish-7.jpg]
[themewagon.github.io/coffee1/images/dish-8.jpg]
[themewagon.github.io/coffee1/images/dessert-4.jpg]
[themewagon.github.io/coffee1/images/drink-5.jpg]
[themewagon.github.io/coffee1/images/drink-6.jpg]
[themewagon.github.io/coffee1/images/drink-7.jpg]
[themewagon.github.io/coffee1/images/drink-8.jpg]
[themewagon.github.io/coffee1/images/drink-4.jpg]
[themewagon.github.io/coffee1/images/dessert-5.jpg]
[themewagon.github.io/coffee1/images/dessert-6.jpg]
[themewagon.github.io/coffee1/menu.html]
[themewagon.github.io/coffee1/services.html]
[themewagon.github.io/coffee1/images/image_4.jpg]
[themewagon.github.io/coffee1/images/image_5.jpg]
[themewagon.github.io/coffee1/images/image_6.jpg]
[themewagon.github.io/coffee1/blog.html]
[themewagon.github.io/coffee1/about.html]
[themewagon.github.io/coffee1/room.html]
[themewagon.github.io/coffee1/shop.html]
[themewagon.github.io/coffee1/product-single.html]
[themewagon.github.io/coffee1/checkout.html]
[themewagon.github.io/coffee1/contact.html]
[themewagon.github.io/coffee1/cart.html]
[themewagon.github.io/coffee1/gallery.html]
[themewagon.github.io/coffee1/images/person_1.html]
[themewagon.github.io/coffee1/images/person_4.jpg]
[themewagon.github.io/coffee1/blog-single.html]
[themewagon.github.io/coffee1/fonts/open-iconic/open-iconic.svg]
[themewagon.github.io/coffee1/css/owl.video.play.html]
[themewagon.github.io/coffee1/fonts/ionicons/fonts/ionicons580c.svg]
[themewagon.github.io/coffee1/fonts/flaticon/font/Flaticon.svg]
[themewagon.github.io/coffee1/fonts/icomoon/icomoonccfb.svg]
